{
  "numTotalTestSuites": 3,
  "numPassedTestSuites": 2,
  "numFailedTestSuites": 1,
  "numPendingTestSuites": 0,
  "numTotalTests": 1,
  "numPassedTests": 1,
  "numFailedTests": 0,
  "numPendingTests": 0,
  "numTodoTests": 0,
  "startTime": 1700945235233,
  "success": false,
  "testResults": [
    {
      "assertionResults": [],
      "startTime": 1700945235233,
      "endTime": 1700945235233,
      "status": "passed",
      "message": "@vitejs/plugin-react can't detect preamble. Something is wrong. See https://github.com/vitejs/vite-plugin-react/pull/11#discussion_r430879201",
      "name": "C:/projetos/front-end/react/boiler-plate-react-firebase-tailwind-zustand/src/commons/components/Sample/index.test.tsx"
    },
    {
      "assertionResults": [
        {
          "ancestorTitles": [
            "",
            "Sum"
          ],
          "fullName": " Sum Add",
          "status": "passed",
          "title": "Add",
          "duration": 0,
          "failureMessages": []
        }
      ],
      "startTime": 1700945323119,
      "endTime": 1700945323119,
      "status": "passed",
      "message": "",
      "name": "C:/projetos/front-end/react/boiler-plate-react-firebase-tailwind-zustand/src/commons/utils/sum/index.test.ts"
    }
  ]
}