{
  "numTotalTestSuites": 2,
  "numPassedTestSuites": 2,
  "numFailedTestSuites": 0,
  "numPendingTestSuites": 0,
  "numTotalTests": 1,
  "numPassedTests": 1,
  "numFailedTests": 0,
  "numPendingTests": 0,
  "numTodoTests": 0,
  "startTime": 1700942577812,
  "success": true,
  "testResults": [
    {
      "assertionResults": [
        {
          "ancestorTitles": [
            "",
            "Sum"
          ],
          "fullName": " Sum Add",
          "status": "passed",
          "title": "Add",
          "duration": 0,
          "failureMessages": []
        }
      ],
      "startTime": 1700942871784,
      "endTime": 1700942871784,
      "status": "passed",
      "message": "",
      "name": "C:/projetos/front-end/react/boiler-plate-react-firebase-tailwind-zustand/src/commons/utils/sum/index.test.ts"
    }
  ]
}